$ Oracle SQL Plan operation SELECT STATEMENT REMOTE
@ SELECT STATEMENT REMOTE

A select statement that is fully executed on the remote database of a → development/databases/Oracle/architecture/database/link has the top level operator `SELECT STATEMENT REMOTE`:
code {
→ development/databases/Oracle/SQL/statement/verbs/explain for
select count(*) from xyz@db_far_away;
select * from → development/databases/Oracle/installed/packages/dbms/xplan/api/display();
----------------------------------------------------------------------------------------
| Id  | Operation              | Name         | Rows  | Cost (%CPU)| Time     | Inst   |
----------------------------------------------------------------------------------------
|   0 | SELECT STATEMENT REMOTE|              |     1 | 12034  (14)| 00:00:01 |        |
|   1 |  → development/databases/Oracle/SQL/statement/execution/plan/operations/sort/aggregate        |              |     1 |            |          |        |
|   2 |   → development/databases/Oracle/SQL/statement/execution/plan/operations/index_/full-scan/fast | XYZ_IX       |    33M| 12034  (14)| 00:00:01 | XINST~ |
----------------------------------------------------------------------------------------
Note
-----
   - fully remote statement
code }

sa:

  → development/databases/Oracle/architecture/database/link

  Other → development/databases/Oracle/SQL/statement/execution/plan/operations[plan operators] such as
 `→ development/databases/Oracle/SQL/statement/execution/plan/operations/statement/select` or
 `→ development/databases/Oracle/SQL/statement/execution/plan/operations/remote`.
